# JRE version: OpenJDK Runtime Environment Homebrew (21.0.1) (build 21.0.1)
# Java VM: OpenJDK 64-Bit Server VM Homebrew (21.0.1, mixed mode, sharing, tiered, compressed oops, compressed class ptrs, g1 gc, bsd-aarch64)
GC Precious Log:
 CardTable entry size: 512
 Card Set container configuration: InlinePtr #cards 4 size 8 Array Of Cards #cards 16 size 48 Howl #buckets 8 coarsen threshold 3686 Howl Bitmap #cards 512 size 80 coarsen threshold 460 Card regions per heap region 1 cards per card region 4096
 CPUs: 8 total, 8 available
 Memory: 16384M
 Large Page Support: Disabled
 NUMA Support: Disabled
 Compressed Oops: Enabled (Zero based)
 Heap Region Size: 2M
 Heap Min Capacity: 8M
 Heap Initial Capacity: 256M
 Heap Max Capacity: 4G
 Pre-touch: Disabled
 Parallel Workers: 8
 Concurrent Workers: 2
 Concurrent Refinement Workers: 8
 Periodic GC: Disabled
Heap:
 garbage-first heap   total 88064K, used 39171K [0x0000000700000000, 0x0000000800000000)
  region size 2048K, 4 young (8192K), 1 survivors (2048K)
 Metaspace       used 39763K, committed 40192K, reserved 1114112K
  class space    used 4802K, committed 4992K, reserved 1048576K
GC Heap History (12 events):
Event: 0.196 GC heap before
{Heap before GC invocations=0 (full 0):
 garbage-first heap   total 264192K, used 21516K [0x0000000700000000, 0x0000000800000000)
  region size 2048K, 11 young (22528K), 0 survivors (0K)
 Metaspace       used 6143K, committed 6272K, reserved 1114112K
  class space    used 671K, committed 704K, reserved 1048576K
}
Event: 0.198 GC heap after
{Heap after GC invocations=1 (full 0):
 garbage-first heap   total 264192K, used 8028K [0x0000000700000000, 0x0000000800000000)
  region size 2048K, 2 young (4096K), 2 survivors (4096K)
 Metaspace       used 6143K, committed 6272K, reserved 1114112K
  class space    used 671K, committed 704K, reserved 1048576K
}
Event: 0.419 GC heap before
{Heap before GC invocations=1 (full 0):
 garbage-first heap   total 264192K, used 30556K [0x0000000700000000, 0x0000000800000000)
  region size 2048K, 13 young (26624K), 2 survivors (4096K)
 Metaspace       used 13491K, committed 13696K, reserved 1114112K
  class space    used 1631K, committed 1728K, reserved 1048576K
}
Event: 0.421 GC heap after
{Heap after GC invocations=2 (full 0):
 garbage-first heap   total 264192K, used 12145K [0x0000000700000000, 0x0000000800000000)
  region size 2048K, 2 young (4096K), 2 survivors (4096K)
 Metaspace       used 13491K, committed 13696K, reserved 1114112K
  class space    used 1631K, committed 1728K, reserved 1048576K
}
Event: 0.694 GC heap before
{Heap before GC invocations=2 (full 0):
 garbage-first heap   total 264192K, used 46961K [0x0000000700000000, 0x0000000800000000)
  region size 2048K, 21 young (43008K), 2 survivors (4096K)
 Metaspace       used 21201K, committed 21504K, reserved 1114112K
  class space    used 2614K, committed 2752K, reserved 1048576K
}
Event: 0.698 GC heap after
{Heap after GC invocations=3 (full 0):
 garbage-first heap   total 264192K, used 18495K [0x0000000700000000, 0x0000000800000000)
  region size 2048K, 3 young (6144K), 3 survivors (6144K)
 Metaspace       used 21201K, committed 21504K, reserved 1114112K
  class space    used 2614K, committed 2752K, reserved 1048576K
}
Event: 14.026 GC heap before
{Heap before GC invocations=4 (full 0):
 garbage-first heap   total 75776K, used 71743K [0x0000000700000000, 0x0000000800000000)
  region size 2048K, 30 young (61440K), 3 survivors (6144K)
 Metaspace       used 31071K, committed 31424K, reserved 1114112K
  class space    used 3874K, committed 4032K, reserved 1048576K
}
Event: 14.029 GC heap after
{Heap after GC invocations=5 (full 0):
 garbage-first heap   total 88064K, used 23636K [0x0000000700000000, 0x0000000800000000)
  region size 2048K, 6 young (12288K), 6 survivors (12288K)
 Metaspace       used 31071K, committed 31424K, reserved 1114112K
  class space    used 3874K, committed 4032K, reserved 1048576K
}
Event: 14.233 GC heap before
{Heap before GC invocations=5 (full 0):
 garbage-first heap   total 88064K, used 58452K [0x0000000700000000, 0x0000000800000000)
  region size 2048K, 23 young (47104K), 6 survivors (12288K)
 Metaspace       used 35646K, committed 36096K, reserved 1114112K
  class space    used 4362K, committed 4544K, reserved 1048576K
}
Event: 14.240 GC heap after
{Heap after GC invocations=6 (full 0):
 garbage-first heap   total 88064K, used 33008K [0x0000000700000000, 0x0000000800000000)
  region size 2048K, 3 young (6144K), 3 survivors (6144K)
 Metaspace       used 35646K, committed 36096K, reserved 1114112K
  class space    used 4362K, committed 4544K, reserved 1048576K
}
Event: 14.248 GC heap before
{Heap before GC invocations=6 (full 0):
 garbage-first heap   total 88064K, used 33008K [0x0000000700000000, 0x0000000800000000)
  region size 2048K, 4 young (8192K), 3 survivors (6144K)
 Metaspace       used 35908K, committed 36288K, reserved 1114112K
  class space    used 4395K, committed 4544K, reserved 1048576K
}
Event: 14.251 GC heap after
{Heap after GC invocations=7 (full 0):
 garbage-first heap   total 88064K, used 35075K [0x0000000700000000, 0x0000000800000000)
  region size 2048K, 1 young (2048K), 1 survivors (2048K)
 Metaspace       used 35908K, committed 36288K, reserved 1114112K
  class space    used 4395K, committed 4544K, reserved 1048576K
}

